c:\uni\soporte essi\grupestudi\grupestudi\x64\debug\grupestudi.pch
c:\uni\soporte essi\grupestudi\grupestudi\x64\debug\vc143.pdb
c:\uni\soporte essi\grupestudi\grupestudi\x64\debug\pch.obj
c:\uni\soporte essi\grupestudi\grupestudi\x64\debug\mevessessions.obj
c:\uni\soporte essi\grupestudi\grupestudi\x64\debug\inicio.obj
c:\uni\soporte essi\grupestudi\grupestudi\x64\debug\grup.obj
c:\uni\soporte essi\grupestudi\grupestudi\x64\debug\form1.obj
c:\uni\soporte essi\grupestudi\grupestudi\x64\debug\database.obj
c:\uni\soporte essi\grupestudi\grupestudi\x64\debug\crearsessio.obj
c:\uni\soporte essi\grupestudi\grupestudi\x64\debug\cppclr_winformsproject.obj
c:\uni\soporte essi\grupestudi\grupestudi\x64\debug\clr.obj
c:\uni\soporte essi\grupestudi\grupestudi\x64\debug\assemblyinfo.obj
c:\uni\soporte essi\grupestudi\grupestudi\x64\debug\.netframework,version=v4.7.2.assemblyattributes.obj
c:\uni\soporte essi\grupestudi\x64\debug\msdatasrc.dll
c:\uni\soporte essi\grupestudi\x64\debug\system.memory.dll
c:\uni\soporte essi\grupestudi\x64\debug\system.threading.tasks.extensions.dll
c:\uni\soporte essi\grupestudi\x64\debug\system.numerics.vectors.dll
c:\uni\soporte essi\grupestudi\x64\debug\system.buffers.dll
c:\uni\soporte essi\grupestudi\x64\debug\grupestudi.exe
c:\uni\soporte essi\grupestudi\x64\debug\grupestudi.pdb
c:\uni\soporte essi\grupestudi\grupestudi\x64\debug\app.res
c:\uni\soporte essi\grupestudi\grupestudi\x64\debug\grupestudi.tlog\cl.command.1.tlog
c:\uni\soporte essi\grupestudi\grupestudi\x64\debug\grupestudi.tlog\cl.items.tlog
c:\uni\soporte essi\grupestudi\grupestudi\x64\debug\grupestudi.tlog\cl.read.1.tlog
c:\uni\soporte essi\grupestudi\grupestudi\x64\debug\grupestudi.tlog\cl.write.1.tlog
c:\uni\soporte essi\grupestudi\grupestudi\x64\debug\grupestudi.tlog\copylocal.read.1u.tlog
c:\uni\soporte essi\grupestudi\grupestudi\x64\debug\grupestudi.tlog\copylocal.write.1u.tlog
c:\uni\soporte essi\grupestudi\grupestudi\x64\debug\grupestudi.tlog\link.command.1.tlog
c:\uni\soporte essi\grupestudi\grupestudi\x64\debug\grupestudi.tlog\link.read.1.tlog
c:\uni\soporte essi\grupestudi\grupestudi\x64\debug\grupestudi.tlog\link.write.1.tlog
c:\uni\soporte essi\grupestudi\grupestudi\x64\debug\grupestudi.tlog\metagen.read.1.tlog
c:\uni\soporte essi\grupestudi\grupestudi\x64\debug\grupestudi.tlog\metagen.write.1.tlog
c:\uni\soporte essi\grupestudi\grupestudi\x64\debug\grupestudi.tlog\rc.command.1.tlog
c:\uni\soporte essi\grupestudi\grupestudi\x64\debug\grupestudi.tlog\rc.read.1.tlog
c:\uni\soporte essi\grupestudi\grupestudi\x64\debug\grupestudi.tlog\rc.write.1.tlog
c:\uni\soporte essi\grupestudi\grupestudi\x64\debug\grupestudi.tlog\resgen.command.1.tlog
c:\uni\soporte essi\grupestudi\grupestudi\x64\debug\grupestudi.tlog\resgen.read.1.tlog
c:\uni\soporte essi\grupestudi\grupestudi\x64\debug\grupestudi.tlog\resgen.write.1.tlog
